<?xml version="1.0" encoding="UTF-8"?>
<testng-results skipped="0" failed="0" total="1" passed="1">
  <reporter-output>
  </reporter-output>
  <suite name="Default suite" duration-ms="45988" started-at="2018-06-04T11:39:49Z" finished-at="2018-06-04T11:40:35Z">
    <groups>
    </groups>
    <test name="Default test" duration-ms="45988" started-at="2018-06-04T11:39:49Z" finished-at="2018-06-04T11:40:35Z">
      <class name="com.hometown.qa.testcases.CheckoutUsingICICINetBankingTest">
        <test-method status="PASS" signature="setUp()[pri:0, instance:com.hometown.qa.testcases.CheckoutUsingICICINetBankingTest@553f17c]" name="setUp" is-config="true" duration-ms="25511" started-at="2018-06-04T17:09:49Z" finished-at="2018-06-04T17:10:14Z">
          <reporter-output>
          </reporter-output>
        </test-method> <!-- setUp -->
        <test-method status="PASS" signature="checkOut()[pri:0, instance:com.hometown.qa.testcases.CheckoutUsingICICINetBankingTest@553f17c]" name="checkOut" duration-ms="19513" started-at="2018-06-04T17:10:14Z" finished-at="2018-06-04T17:10:34Z">
          <reporter-output>
          </reporter-output>
        </test-method> <!-- checkOut -->
        <test-method status="PASS" signature="tearDown()[pri:0, instance:com.hometown.qa.testcases.CheckoutUsingICICINetBankingTest@553f17c]" name="tearDown" is-config="true" duration-ms="937" started-at="2018-06-04T17:10:34Z" finished-at="2018-06-04T17:10:35Z">
          <reporter-output>
          </reporter-output>
        </test-method> <!-- tearDown -->
      </class> <!-- com.hometown.qa.testcases.CheckoutUsingICICINetBankingTest -->
    </test> <!-- Default test -->
  </suite> <!-- Default suite -->
</testng-results>
